<?xml version="1.0" encoding="UTF-8"?>
<testng-results ignored="0" total="2" passed="2" failed="0" skipped="0">
  <reporter-output>
  </reporter-output>
  <suite started-at="2025-01-26T15:42:48 IST" name="Default suite" finished-at="2025-01-26T15:43:02 IST" duration-ms="13929">
    <groups>
    </groups>
    <test started-at="2025-01-26T15:42:48 IST" name="Default test" finished-at="2025-01-26T15:43:02 IST" duration-ms="13929">
      <class name="Testcases.MakeMyTrip">
        <test-method is-config="true" signature="LaunchTheBrowser()[pri:0, instance:Testcases.MakeMyTrip@443118b0]" started-at="2025-01-26T15:42:45 IST" name="LaunchTheBrowser" finished-at="2025-01-26T15:42:48 IST" duration-ms="3491" status="PASS">
          <reporter-output>
          </reporter-output>
        </test-method> <!-- LaunchTheBrowser -->
        <test-method is-config="true" signature="LauchTheApplication()[pri:0, instance:Testcases.MakeMyTrip@443118b0]" started-at="2025-01-26T15:42:48 IST" name="LauchTheApplication" finished-at="2025-01-26T15:42:50 IST" duration-ms="1464" status="PASS">
          <reporter-output>
          </reporter-output>
        </test-method> <!-- LauchTheApplication -->
        <test-method is-config="true" signature="CloseLoginPopup()[pri:0, instance:Testcases.MakeMyTrip@443118b0]" started-at="2025-01-26T15:42:50 IST" name="CloseLoginPopup" finished-at="2025-01-26T15:42:52 IST" duration-ms="1841" status="PASS">
          <reporter-output>
          </reporter-output>
        </test-method> <!-- CloseLoginPopup -->
        <test-method signature="ValidFlightSearchTestcase()[pri:0, instance:Testcases.MakeMyTrip@443118b0]" started-at="2025-01-26T15:42:52 IST" name="ValidFlightSearchTestcase" finished-at="2025-01-26T15:42:59 IST" duration-ms="7317" status="PASS">
          <reporter-output>
          </reporter-output>
        </test-method> <!-- ValidFlightSearchTestcase -->
        <test-method signature="FlightSearchWithSameCityTestcase()[pri:1, instance:Testcases.MakeMyTrip@443118b0]" started-at="2025-01-26T15:42:59 IST" name="FlightSearchWithSameCityTestcase" finished-at="2025-01-26T15:43:02 IST" duration-ms="3258" status="PASS">
          <reporter-output>
          </reporter-output>
        </test-method> <!-- FlightSearchWithSameCityTestcase -->
        <test-method is-config="true" signature="teardown()[pri:0, instance:Testcases.MakeMyTrip@443118b0]" started-at="2025-01-26T15:43:02 IST" name="teardown" finished-at="2025-01-26T15:43:04 IST" duration-ms="1505" status="PASS">
          <reporter-output>
          </reporter-output>
        </test-method> <!-- teardown -->
      </class> <!-- Testcases.MakeMyTrip -->
    </test> <!-- Default test -->
  </suite> <!-- Default suite -->
</testng-results>
